<?xml version="1.0" encoding="UTF-8"?>
<!-- Generated by org.testng.reporters.JUnitXMLReporter -->
<testsuite ignored="3" hostname="LAPTOP-V6C11AH6" failures="0" tests="1" name="Default test" time="17.623" errors="0" timestamp="2022-03-12T13:01:08 IST">
  <testcase classname="testcases.LoginTest" name="FailedLogin" time="10.537"/>
  <testcase classname="testcases.LoginTest" name="PassedLogin" time="0.0">
    <ignored/>
  </testcase> <!-- PassedLogin -->
  <testcase classname="testcases.LoginTest" name="extData" time="0.0">
    <ignored/>
  </testcase> <!-- extData -->
  <testcase classname="testcases.LoginTest" name="paramTest" time="0.0">
    <ignored/>
  </testcase> <!-- paramTest -->
</testsuite> <!-- Default test -->
