<?xml version="1.0" encoding="UTF-8"?>
<!-- Generated by org.testng.reporters.JUnitXMLReporter -->
<testsuite ignored="3" hostname="LAPTOP-V6C11AH6" failures="0" tests="1" name="Default test" time="41.96" errors="0" timestamp="2022-03-13T10:28:35 IST">
  <testcase classname="testcases.LoginTest" name="extData" time="35.177"/>
  <testcase classname="testcases.LoginTest" name="PassedLogin" time="0.0">
    <ignored/>
  </testcase> <!-- PassedLogin -->
  <testcase classname="testcases.LoginTest" name="FailedLogin" time="0.0">
    <ignored/>
  </testcase> <!-- FailedLogin -->
  <testcase classname="testcases.LoginTest" name="paramTest" time="0.0">
    <ignored/>
  </testcase> <!-- paramTest -->
</testsuite> <!-- Default test -->
