<?xml version="1.0" encoding="UTF-8"?>
<!-- Generated by org.testng.reporters.JUnitXMLReporter -->
<testsuite hostname="LAPTOP-V6C11AH6" ignored="2" name="Test" tests="4" failures="0" timestamp="2022-03-13T10:26:05 IST" time="54.804" errors="0">
  <testcase name="FailedLogin" time="7.295" classname="testcases.LoginTest"/>
  <testcase name="PassedLogin" time="6.238" classname="testcases.LoginTest"/>
  <testcase name="extData" time="6.105" classname="testcases.LoginTest"/>
  <testcase name="paramTest" time="5.677" classname="testcases.LoginTest"/>
  <testcase name="@BeforeTest dataSetup" time="0.0" classname="testcases.BaseClass">
    <ignored/>
  </testcase> <!-- @BeforeTest dataSetup -->
  <testcase name="@AfterTest dataTearDown" time="0.0" classname="testcases.BaseClass">
    <ignored/>
  </testcase> <!-- @AfterTest dataTearDown -->
</testsuite> <!-- Test -->
