<?xml version="1.0" encoding="UTF-8"?>
<!-- Generated by org.testng.reporters.JUnitXMLReporter -->
<testsuite hostname="LAPTOP-V6C11AH6" ignored="2" name="Test" tests="4" failures="0" timestamp="2022-03-19T09:41:14 IST" time="64.73" errors="0">
  <testcase name="FailedLogin" time="10.523" classname="testcases.LoginTest"/>
  <testcase name="PassedLogin" time="10.679" classname="testcases.LoginTest"/>
  <testcase name="extData" time="7.498" classname="testcases.LoginTest"/>
  <testcase name="paramTest" time="8.955" classname="testcases.LoginTest"/>
  <testcase name="@BeforeTest dataSetup" time="0.0" classname="testcases.BaseClass">
    <ignored/>
  </testcase> <!-- @BeforeTest dataSetup -->
  <testcase name="@AfterTest dataTearDown" time="0.0" classname="testcases.BaseClass">
    <ignored/>
  </testcase> <!-- @AfterTest dataTearDown -->
</testsuite> <!-- Test -->
