<?xml version="1.0" encoding="UTF-8"?>
<testng-results skipped="0" failed="0" ignored="2" total="6" passed="4">
  <reporter-output>
  </reporter-output>
  <suite name="Suite" duration-ms="64730" started-at="2022-03-19T09:40:09 IST" finished-at="2022-03-19T09:41:14 IST">
    <groups>
    </groups>
    <test name="Test" duration-ms="64730" started-at="2022-03-19T09:40:09 IST" finished-at="2022-03-19T09:41:14 IST">
      <class name="testcases.LoginTest">
        <test-method status="PASS" signature="dataSetup()[pri:0, instance:testcases.LoginTest@3b69e7d1]" name="dataSetup" is-config="true" duration-ms="1552" started-at="2022-03-19T09:40:09 IST" finished-at="2022-03-19T09:40:11 IST">
          <reporter-output>
          </reporter-output>
        </test-method> <!-- dataSetup -->
        <test-method status="PASS" signature="Setup()[pri:0, instance:testcases.LoginTest@3b69e7d1]" name="Setup" is-config="true" duration-ms="6239" started-at="2022-03-19T09:40:11 IST" finished-at="2022-03-19T09:40:17 IST">
          <reporter-output>
          </reporter-output>
        </test-method> <!-- Setup -->
        <test-method status="PASS" signature="FailedLogin()[pri:0, instance:testcases.LoginTest@3b69e7d1]" name="FailedLogin" duration-ms="10523" started-at="2022-03-19T09:40:17 IST" finished-at="2022-03-19T09:40:28 IST">
          <reporter-output>
          </reporter-output>
        </test-method> <!-- FailedLogin -->
        <test-method status="PASS" signature="tearDown()[pri:0, instance:testcases.LoginTest@3b69e7d1]" name="tearDown" is-config="true" duration-ms="1088" started-at="2022-03-19T09:40:28 IST" finished-at="2022-03-19T09:40:29 IST">
          <reporter-output>
          </reporter-output>
        </test-method> <!-- tearDown -->
        <test-method status="PASS" signature="Setup()[pri:0, instance:testcases.LoginTest@3b69e7d1]" name="Setup" is-config="true" duration-ms="4969" started-at="2022-03-19T09:40:29 IST" finished-at="2022-03-19T09:40:34 IST">
          <reporter-output>
          </reporter-output>
        </test-method> <!-- Setup -->
        <test-method status="PASS" signature="PassedLogin()[pri:0, instance:testcases.LoginTest@3b69e7d1]" name="PassedLogin" duration-ms="10679" started-at="2022-03-19T09:40:34 IST" finished-at="2022-03-19T09:40:45 IST">
          <reporter-output>
          </reporter-output>
        </test-method> <!-- PassedLogin -->
        <test-method status="PASS" signature="tearDown()[pri:0, instance:testcases.LoginTest@3b69e7d1]" name="tearDown" is-config="true" duration-ms="1226" started-at="2022-03-19T09:40:45 IST" finished-at="2022-03-19T09:40:46 IST">
          <reporter-output>
          </reporter-output>
        </test-method> <!-- tearDown -->
        <test-method status="PASS" signature="Setup()[pri:0, instance:testcases.LoginTest@3b69e7d1]" name="Setup" is-config="true" duration-ms="4699" started-at="2022-03-19T09:40:46 IST" finished-at="2022-03-19T09:40:51 IST">
          <reporter-output>
          </reporter-output>
        </test-method> <!-- Setup -->
        <test-method status="PASS" signature="extData()[pri:0, instance:testcases.LoginTest@3b69e7d1]" name="extData" duration-ms="7498" started-at="2022-03-19T09:40:51 IST" finished-at="2022-03-19T09:40:58 IST">
          <reporter-output>
          </reporter-output>
        </test-method> <!-- extData -->
        <test-method status="PASS" signature="tearDown()[pri:0, instance:testcases.LoginTest@3b69e7d1]" name="tearDown" is-config="true" duration-ms="990" started-at="2022-03-19T09:40:58 IST" finished-at="2022-03-19T09:40:59 IST">
          <reporter-output>
          </reporter-output>
        </test-method> <!-- tearDown -->
        <test-method status="PASS" signature="Setup()[pri:0, instance:testcases.LoginTest@3b69e7d1]" name="Setup" is-config="true" duration-ms="4130" started-at="2022-03-19T09:40:59 IST" finished-at="2022-03-19T09:41:03 IST">
          <reporter-output>
          </reporter-output>
        </test-method> <!-- Setup -->
        <test-method status="PASS" signature="paramTest(java.lang.String,java.lang.String)[pri:0, instance:testcases.LoginTest@3b69e7d1]" name="paramTest" duration-ms="8955" started-at="2022-03-19T09:41:03 IST" finished-at="2022-03-19T09:41:12 IST">
          <params>
            <param index="0">
              <value>
                <![CDATA[dddd@gmail.com]]>
              </value>
            </param>
            <param index="1">
              <value>
                <![CDATA[ddddd@2234]]>
              </value>
            </param>
          </params>
          <reporter-output>
          </reporter-output>
        </test-method> <!-- paramTest -->
        <test-method status="PASS" signature="tearDown()[pri:0, instance:testcases.LoginTest@3b69e7d1]" name="tearDown" is-config="true" duration-ms="1096" started-at="2022-03-19T09:41:12 IST" finished-at="2022-03-19T09:41:13 IST">
          <reporter-output>
          </reporter-output>
        </test-method> <!-- tearDown -->
        <test-method status="PASS" signature="dataTearDown()[pri:0, instance:testcases.LoginTest@3b69e7d1]" name="dataTearDown" is-config="true" duration-ms="953" started-at="2022-03-19T09:41:13 IST" finished-at="2022-03-19T09:41:14 IST">
          <reporter-output>
          </reporter-output>
        </test-method> <!-- dataTearDown -->
      </class> <!-- testcases.LoginTest -->
    </test> <!-- Test -->
  </suite> <!-- Suite -->
</testng-results>
