<?xml version="1.0" encoding="UTF-8"?>
<testng-results ignored="3" total="4" passed="1" failed="0" skipped="0">
  <reporter-output>
  </reporter-output>
  <suite started-at="2022-03-13T10:27:53 IST" name="Default suite" finished-at="2022-03-13T10:28:35 IST" duration-ms="41960">
    <groups>
    </groups>
    <test started-at="2022-03-13T10:27:53 IST" name="Default test" finished-at="2022-03-13T10:28:35 IST" duration-ms="41960">
      <class name="testcases.LoginTest">
        <test-method is-config="true" signature="dataSetup()[pri:0, instance:testcases.LoginTest@18cebaa5]" started-at="2022-03-13T10:27:53 IST" name="dataSetup" finished-at="2022-03-13T10:27:55 IST" duration-ms="1340" status="PASS">
          <reporter-output>
          </reporter-output>
        </test-method> <!-- dataSetup -->
        <test-method is-config="true" signature="Setup()[pri:0, instance:testcases.LoginTest@18cebaa5]" started-at="2022-03-13T10:27:55 IST" name="Setup" finished-at="2022-03-13T10:27:59 IST" duration-ms="4262" status="PASS">
          <reporter-output>
          </reporter-output>
        </test-method> <!-- Setup -->
        <test-method signature="extData()[pri:0, instance:testcases.LoginTest@18cebaa5]" started-at="2022-03-13T10:27:59 IST" name="extData" finished-at="2022-03-13T10:28:34 IST" duration-ms="35177" status="PASS">
          <reporter-output>
          </reporter-output>
        </test-method> <!-- extData -->
        <test-method is-config="true" signature="tearDown()[pri:0, instance:testcases.LoginTest@18cebaa5]" started-at="2022-03-13T10:28:34 IST" name="tearDown" finished-at="2022-03-13T10:28:35 IST" duration-ms="681" status="PASS">
          <reporter-output>
          </reporter-output>
        </test-method> <!-- tearDown -->
        <test-method is-config="true" signature="dataTearDown()[pri:0, instance:testcases.LoginTest@18cebaa5]" started-at="2022-03-13T10:28:35 IST" name="dataTearDown" finished-at="2022-03-13T10:28:35 IST" duration-ms="440" status="PASS">
          <reporter-output>
          </reporter-output>
        </test-method> <!-- dataTearDown -->
      </class> <!-- testcases.LoginTest -->
    </test> <!-- Default test -->
  </suite> <!-- Default suite -->
</testng-results>
